T059C 7613:266 SEGGER J-Link V4.84c Log File (0001ms, 12515ms total)
T059C 7613:266 DLL Compiled: Apr 16 2014 18:53:07 (0001ms, 12515ms total)
T059C 7613:266 Logging started @ 2015-04-15 22:57 (0001ms, 12515ms total)
T059C 7613:291 JLINK_ExecCommand("Device = AT91SAM3S2B", ...)Device "ATSAM3S2B" selected (128 KB flash, 32 KB RAM).  returns 0x00 (0000ms, 12515ms total)
T059C 7613:512 JLINK_ExecCommand("ProjectFile = C:\Users\Squirrel\Documents\Atmel Studio\Tempest\Tempest\jlink.config", ...)  returns 0x00 (0001ms, 12516ms total)
T059C 7613:543 JLINK_ExecCommand("Device = AT91SAM3S2B", ...)Device "ATSAM3S2B" selected (128 KB flash, 32 KB RAM).  returns 0x00 (0000ms, 12516ms total)
T059C 7613:543 JLINK_TIF_Select(JLINKARM_TIF_SWD)  returns 0x00 (0001ms, 12517ms total)
T059C 7613:544 JLINK_SetSpeed(4000) (0000ms, 12517ms total)
T059C 7613:544 JLINK_ResetPullsRESET(OFF) (0000ms, 12517ms total)
T059C 7613:544 JLINK_Connect() >0x108 TIF>Found SWD-DP with ID 0x2BA01477 >0x0D TIF> >0x21 TIF> >0x0D TIF> >0x28 TIF> >0x0D TIF> >0x28 TIF> >0x0D TIF> >0x21 TIF> >0x0D TIF> >0x28 TIF> >0x0D TIF> >0x21 TIF> >0x0D TIF> >0x21 TIF> >0x0D TIF> >0x21 TIF> >0x0D TIF> >0x21 TIF> >0x0D TIF> >0x28 TIF> >0x0D TIF> >0x28 TIF> >0x0D TIF> >0x21 TIF> >0x0D TIF> >0x28 TIF> >0x0D TIF> >0x28 TIF> >0x0D TIF> >0x28 TIF> >0x0D TIF> >0x21 TIF> >0x0D TIF> >0x21 TIF> >0x0D TIF> >0x28 TIF> >0x0D TIF> >0x21 TIF> >0x0D TIF>
 >0x21 TIF>Found Cortex-M3 r2p0, Little endian. -- CPU_WriteMem(4 bytes @ 0xE0002000) -- CPU_ReadMem(4 bytes @ 0xE000EDF0) -- CPU_ReadMem(4 bytes @ 0xE0002000)FPUnit: 6 code (BP) slots and 2 literal slots -- CPU_ReadMem(4 bytes @ 0xE000EDFC) -- CPU_ReadMem(4 bytes @ 0xE0001000) -- CPU_WriteMem(4 bytes @ 0xE0001000) -- CPU_ReadMem(4 bytes @ 0xE00FF010)TPIU fitted. -- CPU_ReadMem(4 bytes @ 0xE00FF014) -- CPU_ReadMem(4 bytes @ 0xE00FF018)  returns 0x00 (0013ms, 12530ms total)
T059C 7613:557 JLINK_GetDebugInfo(0x100) -- Value=0xE00FF003  returns 0x00 (0000ms, 12530ms total)
T059C 7613:557 JLINK_ReadMem (0xE00FFFF0, 0x0010 Bytes, ...) -- CPU is running -- CPU_ReadMem(16 bytes @ 0xE00FFFF0) -- Data:  0D 00 00 00 10 00 00 00 05 00 00 00 B1 00 00 00  returns 0x00 (0000ms, 12530ms total)
T059C 7613:557 JLINK_ReadMem (0xE00FFFD0, 0x0020 Bytes, ...) -- CPU is running -- CPU_ReadMem(32 bytes @ 0xE00FFFD0) -- Data:  00 00 00 00 00 00 00 00 00 00 00 00 00 00 00 00 ...  returns 0x00 (0001ms, 12531ms total)
T059C 7613:558 JLINK_ReadMemU32(0xE00FF000, 0x0001 Items, ...) -- CPU is running -- CPU_ReadMem(4 bytes @ 0xE00FF000) -- Data:  03 F0 F0 FF  returns 0x01 (0000ms, 12531ms total)
T059C 7613:558 JLINK_ReadMem (0xE000EFF0, 0x0010 Bytes, ...) -- CPU is running -- CPU_ReadMem(16 bytes @ 0xE000EFF0) -- Data:  0D 00 00 00 E0 00 00 00 05 00 00 00 B1 00 00 00  returns 0x00 (0001ms, 12532ms total)
T059C 7613:559 JLINK_ReadMem (0xE000EFD0, 0x0020 Bytes, ...) -- CPU is running -- CPU_ReadMem(32 bytes @ 0xE000EFD0) -- Data:  04 00 00 00 00 00 00 00 00 00 00 00 00 00 00 00 ...  returns 0x00 (0000ms, 12532ms total)
T059C 7613:559 JLINK_ReadMemU32(0xE00FF004, 0x0001 Items, ...) -- CPU is running -- CPU_ReadMem(4 bytes @ 0xE00FF004) -- Data:  03 20 F0 FF  returns 0x01 (0001ms, 12533ms total)
T059C 7613:560 JLINK_ReadMem (0xE0001FF0, 0x0010 Bytes, ...) -- CPU is running -- CPU_ReadMem(16 bytes @ 0xE0001FF0) -- Data:  0D 00 00 00 E0 00 00 00 05 00 00 00 B1 00 00 00  returns 0x00 (0000ms, 12533ms total)
T059C 7613:560 JLINK_ReadMem (0xE0001FD0, 0x0020 Bytes, ...) -- CPU is running -- CPU_ReadMem(32 bytes @ 0xE0001FD0) -- Data:  04 00 00 00 00 00 00 00 00 00 00 00 00 00 00 00 ...  returns 0x00 (0001ms, 12534ms total)
T059C 7613:561 JLINK_ReadMemU32(0xE00FF008, 0x0001 Items, ...) -- CPU is running -- CPU_ReadMem(4 bytes @ 0xE00FF008) -- Data:  03 30 F0 FF  returns 0x01 (0000ms, 12534ms total)
T059C 7613:561 JLINK_ReadMem (0xE0002FF0, 0x0010 Bytes, ...) -- CPU is running -- CPU_ReadMem(16 bytes @ 0xE0002FF0) -- Data:  0D 00 00 00 E0 00 00 00 05 00 00 00 B1 00 00 00  returns 0x00 (0000ms, 12534ms total)
T059C 7613:561 JLINK_ReadMem (0xE0002FD0, 0x0020 Bytes, ...) -- CPU is running -- CPU_ReadMem(32 bytes @ 0xE0002FD0) -- Data:  04 00 00 00 00 00 00 00 00 00 00 00 00 00 00 00 ...  returns 0x00 (0001ms, 12535ms total)
T059C 7613:562 JLINK_ReadMemU32(0xE00FF00C, 0x0001 Items, ...) -- CPU is running -- CPU_ReadMem(4 bytes @ 0xE00FF00C) -- Data:  03 10 F0 FF  returns 0x01 (0000ms, 12535ms total)
T059C 7613:562 JLINK_ReadMem (0xE0000FF0, 0x0010 Bytes, ...) -- CPU is running -- CPU_ReadMem(16 bytes @ 0xE0000FF0) -- Data:  0D 00 00 00 E0 00 00 00 05 00 00 00 B1 00 00 00  returns 0x00 (0001ms, 12536ms total)
T059C 7613:563 JLINK_ReadMem (0xE0000FD0, 0x0020 Bytes, ...) -- CPU is running -- CPU_ReadMem(32 bytes @ 0xE0000FD0) -- Data:  04 00 00 00 00 00 00 00 00 00 00 00 00 00 00 00 ...  returns 0x00 (0000ms, 12536ms total)
T059C 7613:563 JLINK_ReadMemU32(0xE00FF010, 0x0001 Items, ...) -- CPU is running -- CPU_ReadMem(4 bytes @ 0xE00FF010) -- Data:  03 10 F4 FF  returns 0x01 (0001ms, 12537ms total)
T059C 7613:564 JLINK_ReadMem (0xE0040FF0, 0x0010 Bytes, ...) -- CPU is running -- CPU_ReadMem(16 bytes @ 0xE0040FF0) -- Data:  0D 00 00 00 90 00 00 00 05 00 00 00 B1 00 00 00  returns 0x00 (0000ms, 12537ms total)
T059C 7613:564 JLINK_ReadMem (0xE0040FD0, 0x0020 Bytes, ...) -- CPU is running -- CPU_ReadMem(32 bytes @ 0xE0040FD0) -- Data:  04 00 00 00 00 00 00 00 00 00 00 00 00 00 00 00 ...  returns 0x00 (0001ms, 12538ms total)
T059C 7613:565 JLINK_ReadMemU32(0xE00FF014, 0x0001 Items, ...) -- CPU is running -- CPU_ReadMem(4 bytes @ 0xE00FF014) -- Data:  02 20 F4 FF  returns 0x01 (0000ms, 12538ms total)
T059C 7613:565 JLINK_ReadMemU32(0xE00FF018, 0x0001 Items, ...) -- CPU is running -- CPU_ReadMem(4 bytes @ 0xE00FF018) -- Data:  00 00 00 00  returns 0x01 (0000ms, 12538ms total)
T059C 7613:565 JLINK_ReadMem (0xE0001000, 0x0004 Bytes, ...) -- CPU is running -- CPU_ReadMem(4 bytes @ 0xE0001000) -- Data:  01 00 00 40  returns 0x00 (0001ms, 12539ms total)
T059C 7613:566 JLINK_ReadMem (0xE0001000, 0x0004 Bytes, ...) -- CPU is running -- CPU_ReadMem(4 bytes @ 0xE0001000) -- Data:  01 00 00 40  returns 0x00 (0000ms, 12539ms total)
T059C 7613:566 JLINK_ReadMem (0xE0001028, 0x0004 Bytes, ...) -- CPU is running -- CPU_ReadMem(4 bytes @ 0xE0001028) -- Data:  00 00 00 00  returns 0x00 (0000ms, 12539ms total)
T059C 7613:566 JLINK_WriteMem(0xE0001028, 0x0004 Bytes, ...) -- Data:  00 01 00 00 -- CPU is running -- CPU_WriteMem(4 bytes @ 0xE0001028)  returns 0x04 (0001ms, 12540ms total)
T059C 7613:567 JLINK_ReadMem (0xE0001028, 0x0004 Bytes, ...) -- CPU is running -- CPU_ReadMem(4 bytes @ 0xE0001028) -- Data:  00 00 00 00  returns 0x00 (0000ms, 12540ms total)
T059C 7613:567 JLINK_ReadMem (0xE0001038, 0x0004 Bytes, ...) -- CPU is running -- CPU_ReadMem(4 bytes @ 0xE0001038) -- Data:  00 02 00 00  returns 0x00 (0000ms, 12540ms total)
T059C 7613:567 JLINK_WriteMem(0xE0001038, 0x0004 Bytes, ...) -- Data:  00 03 00 00 -- CPU is running -- CPU_WriteMem(4 bytes @ 0xE0001038)  returns 0x04 (0001ms, 12541ms total)
T059C 7613:568 JLINK_ReadMem (0xE0001038, 0x0004 Bytes, ...) -- CPU is running -- CPU_ReadMem(4 bytes @ 0xE0001038) -- Data:  00 03 00 00  returns 0x00 (0000ms, 12541ms total)
T059C 7613:568 JLINK_ReadMem (0xE0001048, 0x0004 Bytes, ...) -- CPU is running -- CPU_ReadMem(4 bytes @ 0xE0001048) -- Data:  00 00 00 00  returns 0x00 (0001ms, 12542ms total)
T059C 7613:569 JLINK_WriteMem(0xE0001048, 0x0004 Bytes, ...) -- Data:  00 01 00 00 -- CPU is running -- CPU_WriteMem(4 bytes @ 0xE0001048)  returns 0x04 (0000ms, 12542ms total)
T059C 7613:569 JLINK_ReadMem (0xE0001048, 0x0004 Bytes, ...) -- CPU is running -- CPU_ReadMem(4 bytes @ 0xE0001048) -- Data:  00 00 00 00  returns 0x00 (0000ms, 12542ms total)
T059C 7613:569 JLINK_ReadMem (0xE0001058, 0x0004 Bytes, ...) -- CPU is running -- CPU_ReadMem(4 bytes @ 0xE0001058) -- Data:  00 00 00 00  returns 0x00 (0001ms, 12543ms total)
T059C 7613:570 JLINK_WriteMem(0xE0001058, 0x0004 Bytes, ...) -- Data:  00 01 00 00 -- CPU is running -- CPU_WriteMem(4 bytes @ 0xE0001058)  returns 0x04 (0000ms, 12543ms total)
T059C 7613:570 JLINK_ReadMem (0xE0001058, 0x0004 Bytes, ...) -- CPU is running -- CPU_ReadMem(4 bytes @ 0xE0001058) -- Data:  00 00 00 00  returns 0x00 (0000ms, 12543ms total)
T059C 7613:570 JLINK_ReadMem (0xE0001024, 0x0004 Bytes, ...) -- CPU is running -- CPU_ReadMem(4 bytes @ 0xE0001024) -- Data:  00 00 00 00  returns 0x00 (0001ms, 12544ms total)
T059C 7613:571 JLINK_WriteMem(0xE0001024, 0x0004 Bytes, ...) -- Data:  1F 00 00 00 -- CPU is running -- CPU_WriteMem(4 bytes @ 0xE0001024)  returns 0x04 (0000ms, 12544ms total)
T059C 7613:571 JLINK_ReadMem (0xE0001024, 0x0004 Bytes, ...) -- CPU is running -- CPU_ReadMem(4 bytes @ 0xE0001024) -- Data:  0F 00 00 00  returns 0x00 (0001ms, 12545ms total)
T059C 7613:572 JLINK_ReadMem (0xE0001034, 0x0004 Bytes, ...) -- CPU is running -- CPU_ReadMem(4 bytes @ 0xE0001034) -- Data:  00 00 00 00  returns 0x00 (0000ms, 12545ms total)
T059C 7613:572 JLINK_WriteMem(0xE0001034, 0x0004 Bytes, ...) -- Data:  1F 00 00 00 -- CPU is running -- CPU_WriteMem(4 bytes @ 0xE0001034)  returns 0x04 (0000ms, 12545ms total)
T059C 7613:572 JLINK_ReadMem (0xE0001034, 0x0004 Bytes, ...) -- CPU is running -- CPU_ReadMem(4 bytes @ 0xE0001034) -- Data:  0F 00 00 00  returns 0x00 (0001ms, 12546ms total)
T059C 7613:573 JLINK_ReadMem (0xE0001044, 0x0004 Bytes, ...) -- CPU is running -- CPU_ReadMem(4 bytes @ 0xE0001044) -- Data:  00 00 00 00  returns 0x00 (0000ms, 12546ms total)
T059C 7613:573 JLINK_WriteMem(0xE0001044, 0x0004 Bytes, ...) -- Data:  1F 00 00 00 -- CPU is running -- CPU_WriteMem(4 bytes @ 0xE0001044)  returns 0x04 (0000ms, 12546ms total)
T059C 7613:573 JLINK_ReadMem (0xE0001044, 0x0004 Bytes, ...) -- CPU is running -- CPU_ReadMem(4 bytes @ 0xE0001044) -- Data:  0F 00 00 00  returns 0x00 (0001ms, 12547ms total)
T059C 7613:574 JLINK_ReadMem (0xE0001054, 0x0004 Bytes, ...) -- CPU is running -- CPU_ReadMem(4 bytes @ 0xE0001054) -- Data:  00 00 00 00  returns 0x00 (0000ms, 12547ms total)
T059C 7613:574 JLINK_WriteMem(0xE0001054, 0x0004 Bytes, ...) -- Data:  1F 00 00 00 -- CPU is running -- CPU_WriteMem(4 bytes @ 0xE0001054)  returns 0x04 (0000ms, 12547ms total)
T059C 7613:574 JLINK_ReadMem (0xE0001054, 0x0004 Bytes, ...) -- CPU is running -- CPU_ReadMem(4 bytes @ 0xE0001054) -- Data:  0F 00 00 00  returns 0x00 (0001ms, 12548ms total)
T059C 7613:575 JLINK_ReadMem (0xE0001028, 0x0004 Bytes, ...) -- CPU is running -- CPU_ReadMem(4 bytes @ 0xE0001028) -- Data:  00 00 00 00  returns 0x00 (0000ms, 12548ms total)
T059C 7613:575 JLINK_ReadMem (0xE0001038, 0x0004 Bytes, ...) -- CPU is running -- CPU_ReadMem(4 bytes @ 0xE0001038) -- Data:  00 03 00 00  returns 0x00 (0000ms, 12548ms total)
T059C 7613:576 JLINK_ReadMem (0xE0001048, 0x0004 Bytes, ...) -- CPU is running -- CPU_ReadMem(4 bytes @ 0xE0001048) -- Data:  00 00 00 00  returns 0x00 (0000ms, 12549ms total)
T059C 7613:576 JLINK_ReadMem (0xE0001058, 0x0004 Bytes, ...) -- CPU is running -- CPU_ReadMem(4 bytes @ 0xE0001058) -- Data:  00 00 00 00  returns 0x00 (0000ms, 12549ms total)
T059C 7613:576 JLINK_WriteMem(0xE0001020, 0x0004 Bytes, ...) -- Data:  00 00 00 00 -- CPU is running -- CPU_WriteMem(4 bytes @ 0xE0001020)  returns 0x04 (0001ms, 12550ms total)
T059C 7613:577 JLINK_WriteMem(0xE0001024, 0x0004 Bytes, ...) -- Data:  00 00 00 00 -- CPU is running -- CPU_WriteMem(4 bytes @ 0xE0001024)  returns 0x04 (0000ms, 12550ms total)
T059C 7613:577 JLINK_WriteMem(0xE0001028, 0x0004 Bytes, ...) -- Data:  00 00 00 00 -- CPU is running -- CPU_WriteMem(4 bytes @ 0xE0001028)  returns 0x04 (0000ms, 12550ms total)
T059C 7613:577 JLINK_WriteMem(0xE0001030, 0x0004 Bytes, ...) -- Data:  00 00 00 00 -- CPU is running -- CPU_WriteMem(4 bytes @ 0xE0001030)  returns 0x04 (0001ms, 12551ms total)
T059C 7613:578 JLINK_WriteMem(0xE0001034, 0x0004 Bytes, ...) -- Data:  00 00 00 00 -- CPU is running -- CPU_WriteMem(4 bytes @ 0xE0001034)  returns 0x04 (0000ms, 12551ms total)
T059C 7613:578 JLINK_WriteMem(0xE0001038, 0x0004 Bytes, ...) -- Data:  00 00 00 00 -- CPU is running -- CPU_WriteMem(4 bytes @ 0xE0001038)  returns 0x04 (0000ms, 12551ms total)
T059C 7613:578 JLINK_WriteMem(0xE0001040, 0x0004 Bytes, ...) -- Data:  00 00 00 00 -- CPU is running -- CPU_WriteMem(4 bytes @ 0xE0001040)  returns 0x04 (0001ms, 12552ms total)
T059C 7613:579 JLINK_WriteMem(0xE0001044, 0x0004 Bytes, ...) -- Data:  00 00 00 00 -- CPU is running -- CPU_WriteMem(4 bytes @ 0xE0001044)  returns 0x04 (0000ms, 12552ms total)
T059C 7613:579 JLINK_WriteMem(0xE0001048, 0x0004 Bytes, ...) -- Data:  00 00 00 00 -- CPU is running -- CPU_WriteMem(4 bytes @ 0xE0001048)  returns 0x04 (0001ms, 12553ms total)
T059C 7613:580 JLINK_WriteMem(0xE0001050, 0x0004 Bytes, ...) -- Data:  00 00 00 00 -- CPU is running -- CPU_WriteMem(4 bytes @ 0xE0001050)  returns 0x04 (0000ms, 12553ms total)
T059C 7613:580 JLINK_WriteMem(0xE0001054, 0x0004 Bytes, ...) -- Data:  00 00 00 00 -- CPU is running -- CPU_WriteMem(4 bytes @ 0xE0001054)  returns 0x04 (0000ms, 12553ms total)
T059C 7613:580 JLINK_WriteMem(0xE0001058, 0x0004 Bytes, ...) -- Data:  00 00 00 00 -- CPU is running -- CPU_WriteMem(4 bytes @ 0xE0001058)  returns 0x04 (0001ms, 12554ms total)
T059C 7613:581 JLINK_Halt()  returns 0x00 (0002ms, 12556ms total)
T059C 7613:584 JLINK_JTAG_GetDeviceID(DeviceIndex = 0)  returns 0x00 (0000ms, 12556ms total)
T059C 7613:584 JLINK_ReadMemU32(0x400E0740, 0x0001 Items, ...) -- CPU_ReadMem(4 bytes @ 0x400E0740) -- Data:  60 07 9A 28  returns 0x01 (0000ms, 12556ms total)
T059C 7613:585 JLINK_ReadMemHW(0x00404C00, 0x0100 Bytes, ...) -- CPU_ReadMem(256 bytes @ 0x00404C00) -- Data:  30 30 30 30 30 30 30 30 30 30 30 30 30 30 30 30 ...  returns 0x00 (0002ms, 12558ms total)
T059C 7613:588 JLINK_ReadMemHW(0x00405400, 0x0100 Bytes, ...) -- CPU_ReadMem(256 bytes @ 0x00405400) -- Data:  A8 07 00 20 B0 07 00 20 B0 07 00 20 B8 07 00 20 ...  returns 0x00 (0002ms, 12560ms total)
T059C 7613:593 JLINK_BeginDownload(Flags = 0x00) (0000ms, 12560ms total)
T059C 7613:593 JLINK_WriteMem(0x00400000, 0x0100 Bytes, ...) -- Data:  00 60 00 20 8D 0B 40 00 89 0B 40 00 89 0B 40 00 ...  returns 0x100 (0000ms, 12560ms total)
T059C 7613:593 JLINK_WriteMem(0x00400100, 0x0100 Bytes, ...) -- Data:  00 80 06 48 03 68 13 B1 05 4B 03 B1 98 47 08 BD ...  returns 0x100 (0001ms, 12561ms total)
T059C 7613:594 JLINK_WriteMem(0x00400200, 0x0100 Bytes, ...) -- Data:  02 21 1F 4E B0 47 2D 20 1E 49 A0 47 0C 20 A8 47 ...  returns 0x100 (0000ms, 12561ms total)
T059C 7613:594 JLINK_WriteMem(0x00400300, 0x0100 Bytes, ...) -- Data:  6D 17 40 00 3D 19 40 00 06 4B 02 22 1A 60 5A 60 ...  returns 0x100 (0000ms, 12561ms total)
T059C 7613:594 JLINK_WriteMem(0x00400400, 0x0100 Bytes, ...) -- Data:  00 E0 00 23 11 02 89 B2 1B 04 03 F4 E0 23 0B 43 ...  returns 0x100 (0000ms, 12561ms total)
T059C 7613:594 JLINK_WriteMem(0x00400500, 0x0100 Bytes, ...) -- Data:  00 ED 00 E0 01 4B 18 68 70 47 00 BF CC 08 00 20 ...  returns 0x100 (0000ms, 12561ms total)
T059C 7613:594 JLINK_WriteMem(0x00400600, 0x0100 Bytes, ...) -- Data:  F0 81 00 20 BD E8 F0 81 4F F0 FF 30 BD E8 F0 81 ...  returns 0x100 (0000ms, 12561ms total)
T059C 7613:594 JLINK_WriteMem(0x00400700, 0x0100 Bytes, ...) -- Data:  10 B4 41 64 01 9C 0C B1 41 66 00 E0 01 66 0B B1 ...  returns 0x100 (0000ms, 12561ms total)
T059C 7613:594 JLINK_WriteMem(0x00400800, 0x0100 Bytes, ...) -- Data:  20 5F 44 D0 64 E0 00 F0 1F 00 01 24 84 40 30 46 ...  returns 0x100 (0000ms, 12561ms total)
T059C 7613:594 JLINK_WriteMem(0x00400900, 0x0100 Bytes, ...) -- Data:  B3 42 0A D1 54 F8 08 1C 29 42 06 D0 23 68 30 46 ...  returns 0x100 (0000ms, 12561ms total)
T059C 7613:594 JLINK_WriteMem(0x00400A00, 0x0100 Bytes, ...) -- Data:  1A 40 11 4B 13 43 0B 62 70 47 0D 4A 13 6A 23 F4 ...  returns 0x100 (0000ms, 12561ms total)
T059C 7613:594 JLINK_WriteMem(0x00400B00, 0x0100 Bytes, ...) -- Data:  10 B4 AC 23 03 60 0A 68 4B 68 B2 FB F3 F3 1B 09 ...  returns 0x100 (0000ms, 12561ms total)
T059C 7613:594 JLINK_WriteMem(0x00400C00, 0x0100 Bytes, ...) -- Data:  22 F0 60 43 23 F0 7F 03 13 49 8B 60 02 F1 60 42 ...  returns 0x100 (0000ms, 12561ms total)
T059C 7613:594 JLINK_WriteMem(0x00400D00, 0x0100 Bytes, ...) -- Data:  1A 60 16 4B 1B 6B 03 F0 03 03 02 2B 13 4B 07 BF ...  returns 0x100 (0000ms, 12561ms total)
T059C 7613:594 JLINK_WriteMem(0x00400E00, 0x0100 Bytes, ...) -- Data:  98 47 FE E7 00 4B 40 00 31 1A 40 00 70 47 00 BF ...  returns 0x100 (0000ms, 12561ms total)
T059C 7613:594 JLINK_WriteMem(0x00400F00, 0x0100 Bytes, ...) -- Data:  01 20 70 BD 00 20 70 BD 01 20 70 BD 00 06 0E 40 ...  returns 0x100 (0000ms, 12561ms total)
T059C 7613:594 JLINK_WriteMem(0x00401000, 0x0100 Bytes, ...) -- Data:  1A 60 49 4A 49 4B 1A 60 49 4B 00 93 4F F4 E1 33 ...  returns 0x100 (0000ms, 12561ms total)
T059C 7613:594 JLINK_WriteMem(0x00401100, 0x0100 Bytes, ...) -- Data:  6D 04 40 00 25 01 40 00 09 03 40 00 99 02 40 00 ...  returns 0x100 (0000ms, 12561ms total)
T059C 7613:594 JLINK_WriteMem(0x00401200, 0x0100 Bytes, ...) -- Data:  02 02 81 EA 03 03 36 2D 88 BF 30 BD 11 F0 00 4F ...  returns 0x100 (0000ms, 12561ms total)
T059C 7613:594 JLINK_WriteMem(0x00401300, 0x0100 Bytes, ...) -- Data:  0B 03 B3 F1 20 02 0C DA 0C 32 08 DD 02 F1 14 0C ...  returns 0x100 (0000ms, 12561ms total)
T059C 7613:594 JLINK_WriteMem(0x00401400, 0x0100 Bytes, ...) -- Data:  30 BD 7F EA 64 5C 1A BF 19 46 10 46 7F EA 65 5C ...  returns 0x100 (0000ms, 12561ms total)
T059C 7613:594 JLINK_WriteMem(0x00401500, 0x0100 Bytes, ...) -- Data:  03 FC 20 FA 02 F0 01 FA 03 FE 40 EA 0E 00 21 FA ...  returns 0x100 (0000ms, 12561ms total)
T059C 7613:594 JLINK_WriteMem(0x00401600, 0x0100 Bytes, ...) -- Data:  00 20 01 F0 00 41 70 BD C4 F1 00 04 20 3C 35 DA ...  returns 0x100 (0000ms, 12561ms total)
T059C 7613:594 JLINK_WriteMem(0x00401700, 0x0100 Bytes, ...) -- Data:  0C 0F 0C D0 50 EA 41 06 18 BF 52 EA 43 06 D1 D1 ...  returns 0x100 (0000ms, 12561ms total)
T059C 7613:594 JLINK_WriteMem(0x00401800, 0x0100 Bytes, ...) -- Data:  5B 08 4F EA 32 02 B6 EB 02 0E 75 EB 03 0E 22 BF ...  returns 0x100 (0001ms, 12562ms total)
T059C 7613:595 JLINK_WriteMem(0x00401900, 0x0100 Bytes, ...) -- Data:  25 AF 10 46 19 46 2C E7 95 EA 0C 0F 06 D1 52 EA ...  returns 0x100 (0000ms, 12562ms total)
T059C 7613:595 JLINK_WriteMem(0x00401A00, 0x0100 Bytes, ...) -- Data:  03 F0 0E F9 76 1B B6 10 08 D0 04 3D 00 24 01 34 ...  returns 0x100 (0000ms, 12562ms total)
T059C 7613:595 JLINK_WriteMem(0x00401B00, 0x0100 Bytes, ...) -- Data:  DF F8 44 E0 00 F1 01 0C 01 27 04 AE 02 91 91 04 ...  returns 0x100 (0000ms, 12562ms total)
T059C 7613:595 JLINK_WriteMem(0x00401C00, 0x0100 Bytes, ...) -- Data:  83 03 9B B2 A3 81 D1 D1 00 20 04 F1 43 02 43 F0 ...  returns 0x100 (0000ms, 12562ms total)
T059C 7613:595 JLINK_WriteMem(0x00401D00, 0x0100 Bytes, ...) -- Data:  01 F0 58 F8 43 1C 04 F1 01 04 F3 D1 00 23 C9 F8 ...  returns 0x100 (0000ms, 12562ms total)
T059C 7613:595 JLINK_WriteMem(0x00401E00, 0x0100 Bytes, ...) -- Data:  ED 83 00 21 4F F0 00 02 4F F0 FF 3C 63 78 8D F8 ...  returns 0x100 (0000ms, 12562ms total)
T059C 7613:595 JLINK_WriteMem(0x00401F00, 0x0100 Bytes, ...) -- Data:  7F F4 49 AF DD F8 08 B0 BB F9 0E 30 00 2B FF F6 ...  returns 0x100 (0000ms, 12562ms total)
T059C 7613:595 JLINK_WriteMem(0x00402000, 0x0100 Bytes, ...) -- Data:  14 98 25 46 4F F0 10 0B 64 46 B4 46 1E 46 06 E0 ...  returns 0x100 (0000ms, 12562ms total)
T059C 7613:595 JLINK_WriteMem(0x00402100, 0x0100 Bytes, ...) -- Data:  00 00 42 EA 05 72 2B 09 08 70 52 EA 03 00 0F 46 ...  returns 0x100 (0000ms, 12562ms total)
T059C 7613:595 JLINK_WriteMem(0x00402200, 0x0100 Bytes, ...) -- Data:  01 24 4F F0 00 05 0B F1 04 0B 04 90 03 94 8D F8 ...  returns 0x100 (0000ms, 12562ms total)
T059C 7613:595 JLINK_WriteMem(0x00402300, 0x0100 Bytes, ...) -- Data:  20 B0 04 90 B2 48 1C 68 30 22 78 23 0B F1 04 0B ...  returns 0x100 (0000ms, 12562ms total)
T059C 7613:595 JLINK_WriteMem(0x00402400, 0x0100 Bytes, ...) -- Data:  06 98 02 99 13 AA FF F7 61 FC 00 28 40 F0 ED 80 ...  returns 0x100 (0000ms, 12562ms total)
T059C 7613:595 JLINK_WriteMem(0x00402500, 0x0100 Bytes, ...) -- Data:  00 2C 40 F3 83 80 10 2C 40 F3 1E 82 14 99 32 4D ...  returns 0x100 (0000ms, 12562ms total)
T059C 7613:595 JLINK_WriteMem(0x00402600, 0x0100 Bytes, ...) -- Data:  13 AA FF F7 63 FB 00 28 EF D1 15 9A 09 9C DD F8 ...  returns 0x100 (0000ms, 12562ms total)
T059C 7613:595 JLINK_WriteMem(0x00402700, 0x0100 Bytes, ...) -- Data:  19 46 4E 46 13 46 9C E6 00 2A 40 F0 84 80 01 21 ...  returns 0x100 (0000ms, 12562ms total)
T059C 7613:595 JLINK_WriteMem(0x00402800, 0x0100 Bytes, ...) -- Data:  65 FA DD F8 04 C0 00 28 7F F4 EF AE 14 9B 15 9A ...  returns 0x100 (0000ms, 12562ms total)
T059C 7613:595 JLINK_WriteMem(0x00402900, 0x0100 Bytes, ...) -- Data:  74 AE 14 9B 15 9A 59 1C 4E 46 AD E5 14 9B 15 9A ...  returns 0x100 (0000ms, 12562ms total)
T059C 7613:595 JLINK_WriteMem(0x00402A00, 0x0100 Bytes, ...) -- Data:  43 F0 40 03 A8 F8 0C 30 20 46 0D F5 8D 6D BD E8 ...  returns 0x100 (0000ms, 12562ms total)
T059C 7613:595 JLINK_WriteMem(0x00402B00, 0x0100 Bytes, ...) -- Data:  02 46 03 46 01 F0 E4 BB 8B 89 2D E9 F0 41 9A B2 ...  returns 0x100 (0000ms, 12562ms total)
T059C 7613:595 JLINK_WriteMem(0x00402C00, 0x0100 Bytes, ...) -- Data:  00 62 92 B2 6B 60 D3 04 AA 81 29 60 B2 D5 28 65 ...  returns 0x100 (0000ms, 12562ms total)
T059C 7613:595 JLINK_WriteMem(0x00402D00, 0x0100 Bytes, ...) -- Data:  B4 60 74 66 34 61 74 61 B4 61 08 22 06 F1 5C 00 ...  returns 0x100 (0000ms, 12562ms total)
T059C 7613:595 JLINK_WriteMem(0x00402E00, 0x0100 Bytes, ...) -- Data:  23 68 01 33 23 60 01 35 B5 42 2E D2 01 AB E9 5C ...  returns 0x100 (0000ms, 12562ms total)
T059C 7613:595 JLINK_WriteMem(0x00402F00, 0x0100 Bytes, ...) -- Data:  08 60 D5 E7 58 04 00 20 5C 0A 00 20 64 08 00 20 ...  returns 0x100 (0000ms, 12562ms total)
T059C 7613:595 JLINK_WriteMem(0x00403000, 0x0100 Bytes, ...) -- Data:  CC F8 14 40 CC F8 10 40 E0 60 A0 60 62 60 E3 50 ...  returns 0x100 (0000ms, 12562ms total)
T059C 7613:595 JLINK_WriteMem(0x00403100, 0x0100 Bytes, ...) -- Data:  00 2B E9 D1 00 20 03 B0 BD E8 F0 8F 48 46 21 46 ...  returns 0x100 (0000ms, 12562ms total)
T059C 7613:595 JLINK_WriteMem(0x00403200, 0x0100 Bytes, ...) -- Data:  3A D0 B3 68 BB 44 DB 1B C7 EB 08 08 B3 60 00 2B ...  returns 0x100 (0000ms, 12562ms total)
T059C 7613:595 JLINK_WriteMem(0x00403300, 0x0100 Bytes, ...) -- Data:  42 F0 80 02 A2 81 0B EB 0C 00 CC EB 07 02 C4 F8 ...  returns 0x100 (0000ms, 12562ms total)
T059C 7613:595 JLINK_WriteMem(0x00403400, 0x0100 Bytes, ...) -- Data:  3E 46 30 46 BD E8 F0 81 00 48 70 47 34 04 00 20 ...  returns 0x100 (0000ms, 12562ms total)
T059C 7613:595 JLINK_WriteMem(0x00403500, 0x0100 Bytes, ...) -- Data:  18 68 00 F0 03 B8 00 BF 30 04 00 20 2D E9 F0 4F ...  returns 0x100 (0000ms, 12562ms total)
T059C 7613:595 JLINK_WriteMem(0x00403600, 0x0100 Bytes, ...) -- Data:  08 FA 02 F8 03 EB C1 01 5A 68 88 68 48 EA 02 02 ...  returns 0x100 (0000ms, 12562ms total)
T059C 7613:595 JLINK_WriteMem(0x00403700, 0x0100 Bytes, ...) -- Data:  01 33 04 EB 09 0B 00 F0 61 81 0A F5 80 5A 0A F1 ...  returns 0x100 (0001ms, 12563ms total)
T059C 7613:596 JLINK_WriteMem(0x00403800, 0x0100 Bytes, ...) -- Data:  95 42 C5 EB 02 03 01 D8 0F 2B 04 DC 30 46 00 F0 ...  returns 0x100 (0000ms, 12563ms total)
T059C 7613:596 JLINK_WriteMem(0x00403900, 0x0100 Bytes, ...) -- Data:  1C 46 54 F8 08 2F DB 68 40 F0 01 05 4D 60 30 46 ...  returns 0x100 (0000ms, 12563ms total)
T059C 7613:596 JLINK_WriteMem(0x00403A00, 0x0100 Bytes, ...) -- Data:  4F F0 00 0A CB E6 04 F1 08 01 30 46 FF F7 80 FA ...  returns 0x100 (0000ms, 12563ms total)
T059C 7613:596 JLINK_WriteMem(0x00403B00, 0x0100 Bytes, ...) -- Data:  8B 69 83 61 CB 69 C3 61 0B 6A 03 62 4B 6A 43 62 ...  returns 0x100 (0000ms, 12563ms total)
T059C 7613:596 JLINK_WriteMem(0x00403C00, 0x0100 Bytes, ...) -- Data:  07 16 10 36 0C 46 03 46 25 68 10 33 43 F8 10 5C ...  returns 0x100 (0000ms, 12563ms total)
T059C 7613:596 JLINK_WriteMem(0x00403D00, 0x0100 Bytes, ...) -- Data:  DA F8 04 30 23 F0 03 03 2B 44 00 28 62 D0 70 45 ...  returns 0x100 (0000ms, 12563ms total)
T059C 7613:596 JLINK_WriteMem(0x00403E00, 0x0100 Bytes, ...) -- Data:  13 2A 42 D8 03 46 22 46 11 68 19 60 51 68 59 60 ...  returns 0x100 (0000ms, 12563ms total)
T059C 7613:596 JLINK_WriteMem(0x00403F00, 0x0100 Bytes, ...) -- Data:  24 2A CB 60 99 60 00 F2 86 80 13 2A 77 D9 23 68 ...  returns 0x100 (0000ms, 12563ms total)
T059C 7613:596 JLINK_WriteMem(0x00404000, 0x0100 Bytes, ...) -- Data:  91 E7 21 69 0A F1 20 02 CA F8 18 10 61 69 18 34 ...  returns 0x100 (0000ms, 12563ms total)
T059C 7613:596 JLINK_WriteMem(0x00404100, 0x0100 Bytes, ...) -- Data:  FB D0 2B 60 38 BD 00 BF A4 0A 00 20 FC F7 80 BE ...  returns 0x100 (0000ms, 12563ms total)
T059C 7613:596 JLINK_WriteMem(0x00404200, 0x0100 Bytes, ...) -- Data:  38 46 21 46 FE F7 24 FD 40 B9 23 68 01 26 DB E7 ...  returns 0x100 (0000ms, 12563ms total)
T059C 7613:596 JLINK_WriteMem(0x00404300, 0x0100 Bytes, ...) -- Data:  FD F8 03 99 04 46 02 9A 01 9B 00 28 EE D0 D6 F8 ...  returns 0x100 (0000ms, 12563ms total)
T059C 7613:596 JLINK_WriteMem(0x00404400, 0x0100 Bytes, ...) -- Data:  00 23 A3 81 FE F7 BC FC 30 46 70 BD FE F7 3C FC ...  returns 0x100 (0000ms, 12563ms total)
T059C 7613:596 JLINK_WriteMem(0x00404500, 0x0100 Bytes, ...) -- Data:  89 46 00 F0 29 F8 04 FB 01 F3 A4 FB 00 AB 00 FB ...  returns 0x100 (0000ms, 12563ms total)
T059C 7613:596 JLINK_WriteMem(0x00404600, 0x0100 Bytes, ...) -- Data:  14 B1 40 42 61 EB 41 01 BD E8 F0 0F 70 47 B3 FA ...  returns 0x100 (0000ms, 12563ms total)
T059C 7613:596 JLINK_WriteMem(0x00404700, 0x0100 Bytes, ...) -- Data:  13 17 0C FB 03 F2 1F FA 89 F9 49 EA 07 47 BA 42 ...  returns 0x100 (0000ms, 12563ms total)
T059C 7613:596 JLINK_WriteMem(0x00404800, 0x0100 Bytes, ...) -- Data:  0E 46 00 2B 43 D1 8A 42 53 D9 B2 FA 82 F7 57 B1 ...  returns 0x100 (0000ms, 12563ms total)
T059C 7613:596 JLINK_WriteMem(0x00404900, 0x0100 Bytes, ...) -- Data:  02 F7 AD B2 45 EA 01 45 AF 42 08 D9 2C 19 02 F1 ...  returns 0x100 (0000ms, 12563ms total)
T059C 7613:596 JLINK_WriteMem(0x00404A00, 0x0100 Bytes, ...) -- Data:  08 F1 FF 32 3B D2 63 45 39 D9 A8 F1 02 08 A4 44 ...  returns 0x100 (0000ms, 12563ms total)
T059C 7613:596 JLINK_WriteMem(0x00404B00, 0x0100 Bytes, ...) -- Data:  45 78 69 74 69 6E 67 20 77 69 74 68 20 73 74 61 ...  returns 0x100 (0000ms, 12563ms total)
T059C 7613:596 JLINK_WriteMem(0x00404C00, 0x0100 Bytes, ...) -- Data:  30 30 30 30 30 30 30 30 30 30 30 30 30 30 30 30 ...  returns 0x100 (0000ms, 12563ms total)
T059C 7613:596 JLINK_WriteMem(0x00404D00, 0x0100 Bytes, ...) -- Data:  00 00 00 00 0E 33 CD AB 34 12 6D E6 EC DE 05 00 ...  returns 0x100 (0000ms, 12563ms total)
T059C 7613:596 JLINK_WriteMem(0x00404E00, 0x0100 Bytes, ...) -- Data:  00 00 00 00 00 00 00 00 00 00 00 00 00 00 00 00 ...  returns 0x100 (0000ms, 12563ms total)
T059C 7613:596 JLINK_WriteMem(0x00404F00, 0x0100 Bytes, ...) -- Data:  00 00 00 00 00 00 00 00 00 00 00 00 00 00 00 00 ...  returns 0x100 (0000ms, 12563ms total)
T059C 7613:596 JLINK_WriteMem(0x00405000, 0x0100 Bytes, ...) -- Data:  00 00 00 00 00 00 00 00 00 00 00 00 00 00 00 00 ...  returns 0x100 (0000ms, 12563ms total)
T059C 7613:596 JLINK_WriteMem(0x00405100, 0x0100 Bytes, ...) -- Data:  A8 04 00 20 B0 04 00 20 B0 04 00 20 B8 04 00 20 ...  returns 0x100 (0000ms, 12563ms total)
T059C 7613:596 JLINK_WriteMem(0x00405200, 0x0100 Bytes, ...) -- Data:  A8 05 00 20 B0 05 00 20 B0 05 00 20 B8 05 00 20 ...  returns 0x100 (0000ms, 12563ms total)
T059C 7613:596 JLINK_WriteMem(0x00405300, 0x0100 Bytes, ...) -- Data:  A8 06 00 20 B0 06 00 20 B0 06 00 20 B8 06 00 20 ...  returns 0x100 (0000ms, 12563ms total)
T059C 7613:596 JLINK_WriteMem(0x00405400, 0x0100 Bytes, ...) -- Data:  A8 07 00 20 B0 07 00 20 B0 07 00 20 B8 07 00 20 ...  returns 0x100 (0000ms, 12563ms total)
T21D4 7613:716 JLINK_IsHalted()  returns TRUE (0000ms, 12563ms total)
T21D4 7613:716 JLINK_GetMOEs(...) -- CPU_ReadMem(4 bytes @ 0xE000ED30) -- CPU_WriteMem(4 bytes @ 0xE000ED30)  returns 0x01 (0001ms, 12564ms total)
T21D4 7613:717 JLINK_ReadReg(R15 (PC)) -- -------------------------------------- -- Start of determining dirty areas -- End of determining dirty areas -- Start of preparing flash programming -- Calculating RAM usage -- RAM usage = 3708 Bytes -- Preserving registers -- Preparing memory -- Determining CPU clock frequency -- CPU clock frequency: 73735 kHz -- CPU frequency = 73735 kHz -- Preparing target -- Downloading RAMCode -- Using alternate TurboMode RAMCode -- Checking target RAM -- Preparing RAMCode
 -- End of preparing flash programming -- CPU is running at 73735 kHz. -- Start of comparing flash -- CRC check was estimated as fastest method -- Comparing range 0x400000 - 0x4054FF (85 Sectors, 21 KB), using multi-block CRC calculation -- CRC does not match for sector 3 -- Comparing range 0x400000 - 0x4002FF (3 Sectors, 768 Bytes), using alternative multi-block CRC calculation -- All CRCs match -- Comparing range 0x400400 - 0x4054FF (81 Sectors, 20 KB), using alternative multi-block CRC calculation
 -- All CRCs match -- End of comparing flash -- Start of erasing sectors -- Erasing range 0x00400300 - 0x004003FF (  1 Sector, 256 Bytes) -- End of erasing sectors -- Start of flash programming -- Programming range 0x00400300 - 0x004003FF (  1 Sector, 256 Bytes) -- End of flash programming -- Flash programming performed for 1 range (256 bytes) -- 0x400300 - 0x4003FF (001 Sector, 256 Bytes) -- Start of verifying flash -- Checksum calculation was estimated as fastest method -- End of verifying flash
 -- Start of restoring -- Restore RAMCode -- Restore content of target memory -- Restore target -- Restore memory -- Restore content of registers -- End of restoring -- Total time needed: 0.111s (Prepare: 0.068s, Compare: 0.032s, Erase: 0.000s, Program: 0.006s, Verify: 0.000s, Restore: 0.004s)  returns 0x00400504 (0112ms, 12676ms total)
T059C 7613:829 JLINK_EndDownload()  returns 0x00 (0001ms, 12677ms total)
T059C 7613:830 JLINK_JTAG_GetDeviceID(DeviceIndex = 0)  returns 0x00 (0000ms, 12677ms total)
T059C 7613:830 JLINK_ReadMemU32(0x400E0740, 0x0001 Items, ...) -- CPU_ReadMem(4 bytes @ 0x400E0740) -- Data:  60 07 9A 28  returns 0x01 (0001ms, 12678ms total)
T21D4 7613:910 JLINK_IsHalted()  returns TRUE (0000ms, 12678ms total)
T232C 7613:935 JLINK_Halt()  returns 0x00 (0000ms, 12678ms total)
T232C 7613:935 JLINK_ReadReg(R15 (PC))  returns 0x00400504 (0000ms, 12678ms total)
T232C 7613:935 JLINK_ReadReg(R13 (SP))  returns 0x20005FC8 (0000ms, 12678ms total)
T232C 7613:936 JLINK_ReadReg(R0)  returns 0x00000000 (0000ms, 12678ms total)
T232C 7613:936 JLINK_ReadReg(R1)  returns 0x405E0000 (0000ms, 12678ms total)
T232C 7613:936 JLINK_ReadReg(R2)  returns 0x00000001 (0000ms, 12678ms total)
T232C 7613:936 JLINK_ReadReg(R3)  returns 0x00400505 (0000ms, 12678ms total)
T232C 7613:936 JLINK_ReadReg(R4)  returns 0x00000000 (0000ms, 12678ms total)
T232C 7613:936 JLINK_ReadReg(R5)  returns 0x00400329 (0000ms, 12678ms total)
T232C 7613:936 JLINK_ReadReg(R6)  returns 0x004007A5 (0000ms, 12678ms total)
T232C 7613:936 JLINK_ReadReg(R7)  returns 0x00401A31 (0000ms, 12678ms total)
T232C 7613:936 JLINK_ReadReg(R8)  returns 0x20000A90 (0000ms, 12678ms total)
T232C 7613:936 JLINK_ReadReg(R9)  returns 0x004003A5 (0000ms, 12678ms total)
T232C 7613:936 JLINK_ReadReg(R10)  returns 0x20000404 (0000ms, 12678ms total)
T232C 7613:936 JLINK_ReadReg(R11)  returns 0x00000000 (0000ms, 12678ms total)
T232C 7613:936 JLINK_ReadReg(R12)  returns 0x00666666 (0000ms, 12678ms total)
T232C 7613:936 JLINK_ReadReg(R13 (SP))  returns 0x20005FC8 (0001ms, 12679ms total)
T232C 7613:937 JLINK_ReadReg(R14)  returns 0x00400337 (0000ms, 12679ms total)
T232C 7613:937 JLINK_ReadReg(R15 (PC))  returns 0x00400504 (0000ms, 12679ms total)
T232C 7613:937 JLINK_ReadReg(XPSR)  returns 0x61000000 (0000ms, 12679ms total)
T232C 7613:937 JLINK_ReadReg(MSP)  returns 0x20005FC8 (0000ms, 12679ms total)
T232C 7613:937 JLINK_ReadReg(PSP)  returns 0xC0000000 (0000ms, 12679ms total)
T232C 7613:937 JLINK_ReadReg(APSR)  returns 0x60000000 (0000ms, 12679ms total)
T232C 7613:937 JLINK_ReadReg(EPSR)  returns 0x01000000 (0000ms, 12679ms total)
T232C 7613:937 JLINK_ReadReg(IPSR)  returns 0x00000000 (0000ms, 12679ms total)
T232C 7613:937 JLINK_ReadReg(PRIMASK)  returns 0x00000000 (0000ms, 12679ms total)
T232C 7613:937 JLINK_ReadReg(BASEPRI)  returns 0x00000000 (0000ms, 12679ms total)
T232C 7613:937 JLINK_ReadReg(FAULTMASK)  returns 0x00000000 (0000ms, 12679ms total)
T232C 7613:937 JLINK_ReadReg(CONTROL)  returns 0x00000000 (0000ms, 12679ms total)
T232C 7613:958 JLINK_ReadReg(R0)  returns 0x00000000 (0000ms, 12679ms total)
T232C 7613:958 JLINK_ReadReg(R1)  returns 0x405E0000 (0000ms, 12679ms total)
T232C 7613:958 JLINK_ReadReg(R2)  returns 0x00000001 (0000ms, 12679ms total)
T232C 7613:958 JLINK_ReadReg(R3)  returns 0x00400505 (0000ms, 12679ms total)
T232C 7613:958 JLINK_ReadReg(R4)  returns 0x00000000 (0000ms, 12679ms total)
T232C 7613:958 JLINK_ReadReg(R5)  returns 0x00400329 (0000ms, 12679ms total)
T232C 7613:958 JLINK_ReadReg(R6)  returns 0x004007A5 (0000ms, 12679ms total)
T232C 7613:958 JLINK_ReadReg(R7)  returns 0x00401A31 (0000ms, 12679ms total)
T232C 7613:958 JLINK_ReadReg(R8)  returns 0x20000A90 (0000ms, 12679ms total)
T232C 7613:958 JLINK_ReadReg(R9)  returns 0x004003A5 (0000ms, 12679ms total)
T232C 7613:958 JLINK_ReadReg(R10)  returns 0x20000404 (0000ms, 12679ms total)
T232C 7613:958 JLINK_ReadReg(R11)  returns 0x00000000 (0000ms, 12679ms total)
T232C 7613:958 JLINK_ReadReg(R12)  returns 0x00666666 (0000ms, 12679ms total)
T232C 7613:958 JLINK_ReadReg(R13 (SP))  returns 0x20005FC8 (0000ms, 12679ms total)
T232C 7613:958 JLINK_ReadReg(R14)  returns 0x00400337 (0000ms, 12679ms total)
T232C 7613:958 JLINK_ReadReg(R15 (PC))  returns 0x00400504 (0000ms, 12679ms total)
T232C 7613:958 JLINK_ReadReg(XPSR)  returns 0x61000000 (0000ms, 12679ms total)
T232C 7613:958 JLINK_ReadReg(MSP)  returns 0x20005FC8 (0000ms, 12679ms total)
T232C 7613:958 JLINK_ReadReg(PSP)  returns 0xC0000000 (0000ms, 12679ms total)
T232C 7613:958 JLINK_ReadReg(APSR)  returns 0x60000000 (0000ms, 12679ms total)
T232C 7613:958 JLINK_ReadReg(EPSR)  returns 0x01000000 (0000ms, 12679ms total)
T232C 7613:958 JLINK_ReadReg(IPSR)  returns 0x00000000 (0000ms, 12679ms total)
T232C 7613:958 JLINK_ReadReg(PRIMASK)  returns 0x00000000 (0000ms, 12679ms total)
T232C 7613:959 JLINK_ReadReg(BASEPRI)  returns 0x00000000 (0000ms, 12680ms total)
T232C 7613:959 JLINK_ReadReg(FAULTMASK)  returns 0x00000000 (0000ms, 12680ms total)
T232C 7613:959 JLINK_ReadReg(CONTROL)  returns 0x00000000 (0000ms, 12680ms total)
T232C 7613:985 JLINK_ReadReg(R15 (PC))  returns 0x00400504 (0000ms, 12680ms total)
T232C 7613:985 JLINK_Reset() -- CPU_ReadMem(16 bytes @ 0x20000000) -- CPU_WriteMem(16 bytes @ 0x20000000) -- CPU_ReadMem(4 bytes @ 0xE000EDFC) -- CPU_WriteMem(4 bytes @ 0xE000EDFC) -- CPU_WriteMem(4 bytes @ 0xE000ED0C) -- CPU_ReadMem(4 bytes @ 0xE000EDF0) -- CPU_ReadMem(4 bytes @ 0xE000EDF0) -- CPU_WriteMem(4 bytes @ 0xE000EDFC) -- CPU_WriteMem(16 bytes @ 0x20000000) -- CPU_WriteMem(4 bytes @ 0xE0002000) -- CPU_ReadMem(4 bytes @ 0xE000EDFC) -- CPU_ReadMem(4 bytes @ 0xE0001000) (0020ms, 12700ms total)
T21D4 7614:005 JLINK_IsHalted()  returns TRUE (0000ms, 12700ms total)
T21D4 7614:005 JLINK_GetMOEs(...) -- CPU_ReadMem(4 bytes @ 0xE000ED30) -- CPU_WriteMem(4 bytes @ 0xE000ED30)  returns 0x01 (0001ms, 12701ms total)
T21D4 7614:006 JLINK_ReadReg(R15 (PC))  returns 0x00400B8C (0000ms, 12701ms total)
T232C 7614:015 JLINK_ReadReg(R15 (PC))  returns 0x00400B8C (0000ms, 12701ms total)
T232C 7614:015 JLINK_ReadReg(R13 (SP))  returns 0x20006000 (0000ms, 12701ms total)
T232C 7614:090 JLINK_ReadReg(R15 (PC))  returns 0x00400B8C (0000ms, 12701ms total)
T232C 7614:090 JLINK_GetNumBPUnits(Type = 0xFFFFFF02)  returns 0x06 (0000ms, 12701ms total)
T232C 7614:090 JLINK_SetBPEx(Addr = 0x00400FC4, Type = 0xFFFFFF02)  returns 0x00000001 (0000ms, 12701ms total)
T232C 7614:090 JLINK_GetBPInfo(BPHandle = 1)  returns 0x00 (0000ms, 12701ms total)
T232C 7614:090 JLINK_Go() -- CPU_WriteMem(4 bytes @ 0xE0002000) -- CPU_WriteMem(4 bytes @ 0xE0002008) -- CPU_WriteMem(4 bytes @ 0xE000200C) -- CPU_WriteMem(4 bytes @ 0xE0002010) -- CPU_WriteMem(4 bytes @ 0xE0002014) -- CPU_WriteMem(4 bytes @ 0xE0002018) -- CPU_WriteMem(4 bytes @ 0xE000201C) -- CPU_WriteMem(4 bytes @ 0xE0001004) (0003ms, 12704ms total)
T21D4 7614:093 JLINK_IsHalted()  returns FALSE (0000ms, 12704ms total)
T21D4 7614:113 JLINK_IsHalted()  returns TRUE (0002ms, 12706ms total)
T21D4 7614:115 JLINK_GetMOEs(...) -- CPU_ReadMem(4 bytes @ 0xE000ED30) -- CPU_WriteMem(4 bytes @ 0xE000ED30)  returns 0x01 (0001ms, 12705ms total)
T21D4 7614:116 JLINK_ReadReg(R15 (PC))  returns 0x00400FC4 (0000ms, 12705ms total)
T21D4 7614:116 JLINK_GetBPInfo(BPHandle = 1)  returns 0x00 (0000ms, 12705ms total)
T21D4 7614:116 JLINK_ClrBPEx(BPHandle = 0x00000001)  returns 0x00 (0000ms, 12705ms total)
T232C 7614:123 JLINK_ReadReg(R15 (PC))  returns 0x00400FC4 (0000ms, 12705ms total)
T232C 7614:123 JLINK_ReadReg(R13 (SP))  returns 0x20005FF8 (0000ms, 12705ms total)
T232C 7614:134 JLINK_ReadReg(R15 (PC))  returns 0x00400FC4 (0000ms, 12705ms total)
T232C 7614:134 JLINK_Go() -- CPU_WriteMem(4 bytes @ 0xE0002008) (0001ms, 12706ms total)
T21D4 7614:135 JLINK_IsHalted()  returns FALSE (0000ms, 12706ms total)
T21D4 7614:146 JLINK_IsHalted()  returns FALSE (0000ms, 12706ms total)
T21D4 7614:186 JLINK_IsHalted()  returns FALSE (0000ms, 12706ms total)
T21D4 7614:346 JLINK_IsHalted()  returns FALSE (0000ms, 12706ms total)
T21D4 7614:986 JLINK_IsHalted()  returns FALSE (0000ms, 12706ms total)
T21D4 7615:626 JLINK_IsHalted()  returns FALSE (0000ms, 12706ms total)
T21D4 7616:267 JLINK_IsHalted()  returns FALSE (0002ms, 12708ms total)
T21D4 7616:909 JLINK_IsHalted()  returns FALSE (0000ms, 12706ms total)
T21D4 7617:549 JLINK_IsHalted()  returns FALSE (0000ms, 12706ms total)
T21D4 7618:189 JLINK_IsHalted()  returns FALSE (0000ms, 12706ms total)
T21D4 7618:829 JLINK_IsHalted()  returns FALSE (0000ms, 12706ms total)
T21D4 7619:469 JLINK_IsHalted()  returns FALSE (0000ms, 12706ms total)
T21D4 7620:109 JLINK_IsHalted()  returns FALSE (0000ms, 12706ms total)
T21D4 7620:749 JLINK_IsHalted()  returns FALSE (0000ms, 12706ms total)
T21D4 7621:389 JLINK_IsHalted()  returns FALSE (0000ms, 12706ms total)
T21D4 7622:030 JLINK_IsHalted()  returns FALSE (0000ms, 12706ms total)
T21D4 7622:670 JLINK_IsHalted()  returns FALSE (0000ms, 12706ms total)
T21D4 7623:310 JLINK_IsHalted()  returns FALSE (0000ms, 12706ms total)
T21D4 7623:950 JLINK_IsHalted()  returns FALSE (0000ms, 12706ms total)
T21D4 7624:590 JLINK_IsHalted()  returns FALSE (0001ms, 12707ms total)
T21D4 7625:231 JLINK_IsHalted()  returns FALSE (0000ms, 12706ms total)
T21D4 7625:871 JLINK_IsHalted()  returns FALSE (0000ms, 12706ms total)
T21D4 7626:511 JLINK_IsHalted()  returns FALSE (0000ms, 12706ms total)
T21D4 7627:151 JLINK_IsHalted()  returns FALSE (0000ms, 12706ms total)
T21D4 7627:791 JLINK_IsHalted()  returns FALSE (0000ms, 12706ms total)
T21D4 7628:431 JLINK_IsHalted()  returns FALSE (0000ms, 12706ms total)
T21D4 7629:071 JLINK_IsHalted()  returns FALSE (0000ms, 12706ms total)
T21D4 7629:711 JLINK_IsHalted()  returns FALSE (0000ms, 12706ms total)
T21D4 7630:351 JLINK_IsHalted()  returns FALSE (0000ms, 12706ms total)
T21D4 7630:991 JLINK_IsHalted()  returns FALSE (0000ms, 12706ms total)
T21D4 7631:631 JLINK_IsHalted()  returns FALSE (0000ms, 12706ms total)
T21D4 7632:271 JLINK_IsHalted()  returns FALSE (0000ms, 12706ms total)
T21D4 7632:911 JLINK_IsHalted()  returns FALSE (0000ms, 12706ms total)
T21D4 7633:551 JLINK_IsHalted()  returns FALSE (0000ms, 12706ms total)
T21D4 7634:191 JLINK_IsHalted()  returns FALSE (0001ms, 12707ms total)
T21D4 7634:832 JLINK_IsHalted()  returns FALSE (0000ms, 12706ms total)
T21D4 7635:472 JLINK_IsHalted()  returns FALSE (0000ms, 12706ms total)
T21D4 7636:112 JLINK_IsHalted()  returns FALSE (0000ms, 12706ms total)
T21D4 7636:752 JLINK_IsHalted()  returns FALSE (0001ms, 12707ms total)
T21D4 7637:393 JLINK_IsHalted()  returns FALSE (0000ms, 12706ms total)
T21D4 7638:033 JLINK_IsHalted()  returns FALSE (0001ms, 12707ms total)
T21D4 7638:674 JLINK_IsHalted()  returns FALSE (0000ms, 12706ms total)
T21D4 7639:315 JLINK_IsHalted()  returns FALSE (0000ms, 12706ms total)
T21D4 7639:955 JLINK_IsHalted()  returns FALSE (0000ms, 12706ms total)
T21D4 7640:595 JLINK_IsHalted()  returns FALSE (0001ms, 12707ms total)
T21D4 7641:236 JLINK_IsHalted()  returns FALSE (0001ms, 12707ms total)
T21D4 7641:877 JLINK_IsHalted()  returns FALSE (0000ms, 12706ms total)
T21D4 7642:517 JLINK_IsHalted()  returns FALSE (0000ms, 12706ms total)
T21D4 7643:157 JLINK_IsHalted()  returns FALSE (0000ms, 12706ms total)
T21D4 7643:797 JLINK_IsHalted()  returns FALSE (0000ms, 12706ms total)
T21D4 7644:437 JLINK_IsHalted()  returns FALSE (0000ms, 12706ms total)
T21D4 7645:080 JLINK_IsHalted()  returns FALSE (0001ms, 12707ms total)
T21D4 7645:722 JLINK_IsHalted()  returns FALSE (0001ms, 12707ms total)
T21D4 7646:363 JLINK_IsHalted()  returns FALSE (0000ms, 12706ms total)
T21D4 7647:003 JLINK_IsHalted()  returns FALSE (0000ms, 12706ms total)
T21D4 7647:643 JLINK_IsHalted()  returns FALSE (0000ms, 12706ms total)
T21D4 7648:283 JLINK_IsHalted()  returns FALSE (0000ms, 12706ms total)
T21D4 7648:923 JLINK_IsHalted()  returns FALSE (0000ms, 12706ms total)
T21D4 7649:563 JLINK_IsHalted()  returns FALSE (0000ms, 12706ms total)
T21D4 7650:203 JLINK_IsHalted()  returns FALSE (0000ms, 12706ms total)
T21D4 7650:843 JLINK_IsHalted()  returns FALSE (0000ms, 12706ms total)
T21D4 7651:483 JLINK_IsHalted()  returns FALSE (0000ms, 12706ms total)
T21D4 7652:123 JLINK_IsHalted()  returns FALSE (0000ms, 12706ms total)
T21D4 7652:763 JLINK_IsHalted()  returns FALSE (0000ms, 12706ms total)
T21D4 7653:403 JLINK_IsHalted()  returns FALSE (0000ms, 12706ms total)
T21D4 7654:043 JLINK_IsHalted()  returns FALSE (0000ms, 12706ms total)
T21D4 7654:683 JLINK_IsHalted()  returns FALSE (0000ms, 12706ms total)
T21D4 7655:323 JLINK_IsHalted()  returns FALSE (0000ms, 12706ms total)
T21D4 7655:963 JLINK_IsHalted()  returns FALSE (0000ms, 12706ms total)
T21D4 7656:604 JLINK_IsHalted()  returns FALSE (0001ms, 12707ms total)
T21D4 7657:245 JLINK_IsHalted()  returns FALSE (0000ms, 12706ms total)
T21D4 7657:885 JLINK_IsHalted()  returns FALSE (0000ms, 12706ms total)
T21D4 7658:525 JLINK_IsHalted()  returns FALSE (0000ms, 12706ms total)
T21D4 7659:165 JLINK_IsHalted()  returns FALSE (0000ms, 12706ms total)
T21D4 7659:805 JLINK_IsHalted()  returns FALSE (0001ms, 12707ms total)
T21D4 7660:446 JLINK_IsHalted()  returns FALSE (0000ms, 12706ms total)
T21D4 7661:086 JLINK_IsHalted()  returns FALSE (0001ms, 12707ms total)
T21D4 7661:727 JLINK_IsHalted()  returns FALSE (0000ms, 12706ms total)
T21D4 7662:367 JLINK_IsHalted()  returns FALSE (0000ms, 12706ms total)
T21D4 7663:008 JLINK_IsHalted()  returns FALSE (0000ms, 12706ms total)
T21D4 7663:648 JLINK_IsHalted()  returns FALSE (0001ms, 12707ms total)
T21D4 7664:289 JLINK_IsHalted()  returns FALSE (0000ms, 12706ms total)
T21D4 7664:929 JLINK_IsHalted()  returns FALSE (0003ms, 12709ms total)
T21D4 7665:572 JLINK_IsHalted()  returns FALSE (0000ms, 12706ms total)
T21D4 7666:212 JLINK_IsHalted()  returns FALSE (0000ms, 12706ms total)
T21D4 7666:853 JLINK_IsHalted()  returns FALSE (0000ms, 12706ms total)
T21D4 7667:493 JLINK_IsHalted()  returns FALSE (0001ms, 12707ms total)
T21D4 7668:134 JLINK_IsHalted()  returns FALSE (0000ms, 12706ms total)
T21D4 7668:774 JLINK_IsHalted()  returns FALSE (0000ms, 12706ms total)
T21D4 7669:414 JLINK_IsHalted()  returns FALSE (0000ms, 12706ms total)
T21D4 7670:054 JLINK_IsHalted()  returns FALSE (0000ms, 12706ms total)
T21D4 7670:694 JLINK_IsHalted()  returns FALSE (0000ms, 12706ms total)
T21D4 7671:334 JLINK_IsHalted()  returns FALSE (0000ms, 12706ms total)
T21D4 7671:974 JLINK_IsHalted()  returns FALSE (0000ms, 12706ms total)
T21D4 7672:614 JLINK_IsHalted()  returns FALSE (0000ms, 12706ms total)
T21D4 7673:254 JLINK_IsHalted()  returns FALSE (0000ms, 12706ms total)
T21D4 7673:894 JLINK_IsHalted()  returns FALSE (0000ms, 12706ms total)
T21D4 7674:535 JLINK_IsHalted()  returns FALSE (0000ms, 12706ms total)
T21D4 7675:175 JLINK_IsHalted()  returns FALSE (0000ms, 12706ms total)
T21D4 7675:815 JLINK_IsHalted()  returns FALSE (0000ms, 12706ms total)
T21D4 7676:455 JLINK_IsHalted()  returns FALSE (0003ms, 12709ms total)
T21D4 7677:098 JLINK_IsHalted()  returns FALSE (0000ms, 12706ms total)
T21D4 7677:738 JLINK_IsHalted()  returns FALSE (0000ms, 12706ms total)
T21D4 7678:378 JLINK_IsHalted()  returns FALSE (0000ms, 12706ms total)
T21D4 7679:018 JLINK_IsHalted()  returns FALSE (0000ms, 12706ms total)
T21D4 7679:658 JLINK_IsHalted()  returns FALSE (0000ms, 12706ms total)
T21D4 7680:298 JLINK_IsHalted()  returns FALSE (0000ms, 12706ms total)
T21D4 7680:938 JLINK_IsHalted()  returns FALSE (0000ms, 12706ms total)
T21D4 7681:578 JLINK_IsHalted()  returns FALSE (0000ms, 12706ms total)
T21D4 7682:218 JLINK_IsHalted()  returns FALSE (0000ms, 12706ms total)
T21D4 7682:858 JLINK_IsHalted()  returns FALSE (0001ms, 12707ms total)
T21D4 7683:499 JLINK_IsHalted()  returns FALSE (0000ms, 12706ms total)
T21D4 7684:139 JLINK_IsHalted()  returns FALSE (0000ms, 12706ms total)
T21D4 7684:779 JLINK_IsHalted()  returns FALSE (0000ms, 12706ms total)
T21D4 7685:419 JLINK_IsHalted()  returns FALSE (0000ms, 12706ms total)
T21D4 7686:059 JLINK_IsHalted()  returns FALSE (0000ms, 12706ms total)
T21D4 7686:699 JLINK_IsHalted()  returns FALSE (0000ms, 12706ms total)
T21D4 7687:339 JLINK_IsHalted()  returns FALSE (0000ms, 12706ms total)
T21D4 7687:979 JLINK_IsHalted()  returns FALSE (0000ms, 12706ms total)
T21D4 7688:619 JLINK_IsHalted()  returns FALSE (0000ms, 12706ms total)
T21D4 7689:259 JLINK_IsHalted()  returns FALSE (0000ms, 12706ms total)
T21D4 7689:899 JLINK_IsHalted()  returns FALSE (0000ms, 12706ms total)
T21D4 7690:539 JLINK_IsHalted()  returns FALSE (0000ms, 12706ms total)
T21D4 7691:179 JLINK_IsHalted()  returns FALSE (0000ms, 12706ms total)
T21D4 7691:820 JLINK_IsHalted()  returns FALSE (0000ms, 12706ms total)
T21D4 7692:460 JLINK_IsHalted()  returns FALSE (0000ms, 12706ms total)
T232C 7692:502 JLINK_Halt()  returns 0x00 (0002ms, 12708ms total)
T21D4 7693:100 JLINK_IsHalted()  returns TRUE (0000ms, 12708ms total)
T21D4 7693:100 JLINK_GetMOEs(...) -- CPU_ReadMem(4 bytes @ 0xE000ED30) -- CPU_WriteMem(4 bytes @ 0xE000ED30)  returns 0x01 (0001ms, 12709ms total)
T21D4 7693:101 JLINK_ReadReg(R15 (PC))  returns 0x00400168 (0000ms, 12709ms total)
T059C 7693:102 JLINK_ResetPullsRESET(ON) (0000ms, 12709ms total)
T059C 7693:102 JLINK_ResetNoHalt() >0x108 TIF>Found SWD-DP with ID 0x2BA01477 >0x0D TIF> >0x21 TIF> >0x0D TIF> >0x28 TIF> >0x0D TIF> >0x28 TIF> >0x0D TIF> >0x21 TIF> >0x0D TIF> >0x28 TIF> >0x0D TIF> >0x21 TIF> >0x0D TIF> >0x21 TIF> >0x0D TIF> >0x21 TIF> >0x0D TIF> >0x21 TIF> >0x0D TIF> >0x28 TIF> >0x0D TIF> >0x28 TIF> >0x0D TIF> >0x21 TIF> >0x0D TIF> >0x28 TIF> >0x0D TIF> >0x28 TIF> >0x0D TIF> >0x28 TIF> >0x0D TIF> >0x21 TIF> >0x0D TIF> >0x21 TIF> >0x0D TIF> >0x28 TIF> >0x0D TIF> >0x21 TIF> >0x0D TIF>
 >0x21 TIF>Found Cortex-M3 r2p0, Little endian. -- CPU_WriteMem(4 bytes @ 0xE0002000) -- CPU_ReadMem(4 bytes @ 0xE000EDF0) -- CPU_ReadMem(4 bytes @ 0xE0002000)FPUnit: 6 code (BP) slots and 2 literal slots -- CPU_ReadMem(4 bytes @ 0xE000EDFC) -- CPU_ReadMem(4 bytes @ 0xE0001000) -- CPU_ReadMem(4 bytes @ 0xE00FF010)TPIU fitted. -- CPU_ReadMem(4 bytes @ 0xE00FF014) -- CPU_ReadMem(4 bytes @ 0xE00FF018)
                JLINK_Reset() -- CPU_ReadMem(16 bytes @ 0x20000000) -- CPU_WriteMem(16 bytes @ 0x20000000) -- CPU_ReadMem(4 bytes @ 0xE000EDFC) -- CPU_WriteMem(4 bytes @ 0xE000EDFC) -- CPU_WriteMem(4 bytes @ 0xE000ED0C) -- CPU_ReadMem(4 bytes @ 0xE000EDF0) -- CPU_ReadMem(4 bytes @ 0xE000EDF0) -- CPU_WriteMem(4 bytes @ 0xE000EDFC) -- CPU_WriteMem(16 bytes @ 0x20000000) -- CPU_WriteMem(4 bytes @ 0xE0002000) -- CPU_ReadMem(4 bytes @ 0xE000EDFC) -- CPU_ReadMem(4 bytes @ 0xE0001000) (0019ms, 0019ms total)
                JLINK_Go() -- CPU_WriteMem(4 bytes @ 0xE0002008) -- CPU_WriteMem(4 bytes @ 0xE000200C) -- CPU_WriteMem(4 bytes @ 0xE0002010) -- CPU_WriteMem(4 bytes @ 0xE0002014) -- CPU_WriteMem(4 bytes @ 0xE0002018) -- CPU_WriteMem(4 bytes @ 0xE000201C) -- CPU_WriteMem(4 bytes @ 0xE0001004) (0003ms, 0022ms total)
               (0041ms, 12750ms total)
T059C 7693:356 JLINK_Close() -- CPU is running -- CPU_WriteMem(4 bytes @ 0xE0002008) -- CPU is running -- CPU_WriteMem(4 bytes @ 0xE000200C) -- CPU is running -- CPU_WriteMem(4 bytes @ 0xE0002010) -- CPU is running -- CPU_WriteMem(4 bytes @ 0xE0002014) -- CPU is running -- CPU_WriteMem(4 bytes @ 0xE0002018) -- CPU is running -- CPU_WriteMem(4 bytes @ 0xE000201C) >0x42 TIF> >0x28 TIF> >0x0D TIF> >0x21 TIF> (0005ms, 12755ms total)
T059C 7693:356  (0005ms, 12755ms total)
T059C 7693:356 Closed (0005ms, 12755ms total)
